Release 14.7 - xst P.20160913 (lin64)
Copyright (c) 1995-2013 Xilinx, Inc.  All rights reserved.
--> 
Parameter TMPDIR set to xst/projnav.tmp


Total REAL time to Xst completion: 1.00 secs
Total CPU time to Xst completion: 0.03 secs
 
--> 
Parameter xsthdpdir set to xst


Total REAL time to Xst completion: 1.00 secs
Total CPU time to Xst completion: 0.03 secs
 
--> 
Reading design: floating_point_converter.prj

TABLE OF CONTENTS
  1) Synthesis Options Summary
  2) HDL Parsing
  3) HDL Elaboration
  4) HDL Synthesis
       4.1) HDL Synthesis Report
  5) Advanced HDL Synthesis
       5.1) Advanced HDL Synthesis Report
  6) Low Level Synthesis
  7) Partition Report
  8) Design Summary
       8.1) Primitive and Black Box Usage
       8.2) Device utilization summary
       8.3) Partition Resource Summary
       8.4) Timing Report
            8.4.1) Clock Information
            8.4.2) Asynchronous Control Signals Information
            8.4.3) Timing Summary
            8.4.4) Timing Details
            8.4.5) Cross Clock Domains Report


=========================================================================
*                      Synthesis Options Summary                        *
=========================================================================
---- Source Parameters
Input File Name                    : "floating_point_converter.prj"
Ignore Synthesis Constraint File   : NO

---- Target Parameters
Output File Name                   : "floating_point_converter"
Output Format                      : NGC
Target Device                      : xa6slx4-3-csg225

---- Source Options
Top Module Name                    : floating_point_converter
Automatic FSM Extraction           : YES
FSM Encoding Algorithm             : Auto
Safe Implementation                : No
FSM Style                          : LUT
RAM Extraction                     : Yes
RAM Style                          : Auto
ROM Extraction                     : Yes
Shift Register Extraction          : YES
ROM Style                          : Auto
Resource Sharing                   : YES
Asynchronous To Synchronous        : NO
Shift Register Minimum Size        : 2
Use DSP Block                      : Auto
Automatic Register Balancing       : No

---- Target Options
LUT Combining                      : Auto
Reduce Control Sets                : Auto
Add IO Buffers                     : YES
Global Maximum Fanout              : 100000
Add Generic Clock Buffer(BUFG)     : 16
Register Duplication               : YES
Optimize Instantiated Primitives   : NO
Use Clock Enable                   : Auto
Use Synchronous Set                : Auto
Use Synchronous Reset              : Auto
Pack IO Registers into IOBs        : Auto
Equivalent register Removal        : YES

---- General Options
Optimization Goal                  : Speed
Optimization Effort                : 1
Power Reduction                    : NO
Keep Hierarchy                     : No
Netlist Hierarchy                  : As_Optimized
RTL Output                         : Yes
Global Optimization                : AllClockNets
Read Cores                         : YES
Write Timing Constraints           : NO
Cross Clock Analysis               : NO
Hierarchy Separator                : /
Bus Delimiter                      : <>
Case Specifier                     : Maintain
Slice Utilization Ratio            : 100
BRAM Utilization Ratio             : 100
DSP48 Utilization Ratio            : 100
Auto BRAM Packing                  : NO
Slice Utilization Ratio Delta      : 5

=========================================================================


=========================================================================
*                          HDL Parsing                                  *
=========================================================================
Analyzing Verilog file "/home/ise/M152A/CSM152A/lab1/tc_to_sm.v" into library work
Parsing module <tc_to_sm>.
Analyzing Verilog file "/home/ise/M152A/CSM152A/lab1/round.v" into library work
Parsing module <round>.
Analyzing Verilog file "/home/ise/M152A/CSM152A/count_extract.v" into library work
Parsing module <count_extract>.
Analyzing Verilog file "/home/ise/M152A/CSM152A/lab1/floating_point_converter.v" into library work
Parsing module <floating_point_converter>.

=========================================================================
*                            HDL Elaboration                            *
=========================================================================

Elaborating module <floating_point_converter>.

Elaborating module <tc_to_sm>.

Elaborating module <count_extract>.

Elaborating module <round>.

=========================================================================
*                           HDL Synthesis                               *
=========================================================================

Synthesizing Unit <floating_point_converter>.
    Related source file is "/home/ise/M152A/CSM152A/lab1/floating_point_converter.v".
    Summary:
	no macro.
Unit <floating_point_converter> synthesized.

Synthesizing Unit <tc_to_sm>.
    Related source file is "/home/ise/M152A/CSM152A/lab1/tc_to_sm.v".
    Found 12-bit adder for signal <in[11]_GND_2_o_add_2_OUT> created at line 28.
    Summary:
	inferred   1 Adder/Subtractor(s).
	inferred   1 Multiplexer(s).
Unit <tc_to_sm> synthesized.

Synthesizing Unit <count_extract>.
    Related source file is "/home/ise/M152A/CSM152A/count_extract.v".
WARNING:Xst:647 - Input <s_m_in<11:11>> is never used. This port will be preserved and left unconnected if it belongs to a top-level block or it belongs to a sub-block and the hierarchy of this sub-block is preserved.
    Summary:
	inferred  13 Multiplexer(s).
Unit <count_extract> synthesized.

Synthesizing Unit <round>.
    Related source file is "/home/ise/M152A/CSM152A/lab1/round.v".
    Found 6-bit subtractor for signal <GND_4_o_GND_4_o_sub_3_OUT> created at line 48.
    Found 3-bit adder for signal <E[2]_GND_4_o_add_8_OUT> created at line 69.
    Found 4-bit adder for signal <F[3]_GND_4_o_add_11_OUT> created at line 79.
    Found 4-bit subtractor for signal <GND_4_o_GND_4_o_sub_4_OUT<3:0>> created at line 48.
    Found 1-bit 12-to-1 multiplexer for signal <GND_4_o_X_4_o_Mux_4_o> created at line 48.
    Summary:
	inferred   4 Adder/Subtractor(s).
	inferred   9 Multiplexer(s).
Unit <round> synthesized.

=========================================================================
HDL Synthesis Report

Macro Statistics
# Adders/Subtractors                                   : 5
 12-bit adder                                          : 1
 3-bit adder                                           : 1
 4-bit adder                                           : 1
 4-bit subtractor                                      : 1
 6-bit subtractor                                      : 1
# Multiplexers                                         : 23
 1-bit 12-to-1 multiplexer                             : 1
 1-bit 2-to-1 multiplexer                              : 1
 12-bit 2-to-1 multiplexer                             : 1
 3-bit 2-to-1 multiplexer                              : 10
 4-bit 2-to-1 multiplexer                              : 10

=========================================================================

=========================================================================
*                       Advanced HDL Synthesis                          *
=========================================================================


=========================================================================
Advanced HDL Synthesis Report

Macro Statistics
# Adders/Subtractors                                   : 5
 12-bit adder                                          : 1
 3-bit adder                                           : 1
 4-bit adder                                           : 1
 4-bit subtractor                                      : 2
# Multiplexers                                         : 23
 1-bit 12-to-1 multiplexer                             : 1
 1-bit 2-to-1 multiplexer                              : 1
 12-bit 2-to-1 multiplexer                             : 1
 3-bit 2-to-1 multiplexer                              : 10
 4-bit 2-to-1 multiplexer                              : 10

=========================================================================

=========================================================================
*                         Low Level Synthesis                           *
=========================================================================

Optimizing unit <floating_point_converter> ...

Optimizing unit <tc_to_sm> ...

Optimizing unit <round> ...

Mapping all equations...
Building and optimizing final netlist ...
Found area constraint ratio of 100 (+ 5) on block floating_point_converter, actual ratio is 3.

Final Macro Processing ...

=========================================================================
Final Register Report

Found no macro
=========================================================================

=========================================================================
*                           Partition Report                            *
=========================================================================

Partition Implementation Status
-------------------------------

  No Partitions were found in this design.

-------------------------------

=========================================================================
*                            Design Summary                             *
=========================================================================

Top Level Output File Name         : floating_point_converter.ngc

Primitive and Black Box Usage:
------------------------------
# BELS                             : 83
#      GND                         : 1
#      INV                         : 11
#      LUT1                        : 1
#      LUT2                        : 2
#      LUT3                        : 12
#      LUT4                        : 5
#      LUT5                        : 6
#      LUT6                        : 20
#      MUXCY                       : 11
#      MUXF7                       : 1
#      VCC                         : 1
#      XORCY                       : 12
# IO Buffers                       : 20
#      IBUF                        : 12
#      OBUF                        : 8

Device utilization summary:
---------------------------

Selected Device : xa6slx4csg225-3 


Slice Logic Utilization: 
 Number of Slice LUTs:                   57  out of   2400     2%  
    Number used as Logic:                57  out of   2400     2%  

Slice Logic Distribution: 
 Number of LUT Flip Flop pairs used:     57
   Number with an unused Flip Flop:      57  out of     57   100%  
   Number with an unused LUT:             0  out of     57     0%  
   Number of fully used LUT-FF pairs:     0  out of     57     0%  
   Number of unique control sets:         0

IO Utilization: 
 Number of IOs:                          20
 Number of bonded IOBs:                  20  out of    132    15%  

Specific Feature Utilization:

---------------------------
Partition Resource Summary:
---------------------------

  No Partitions were found in this design.

---------------------------


=========================================================================
Timing Report

NOTE: THESE TIMING NUMBERS ARE ONLY A SYNTHESIS ESTIMATE.
      FOR ACCURATE TIMING INFORMATION PLEASE REFER TO THE TRACE REPORT
      GENERATED AFTER PLACE-and-ROUTE.

Clock Information:
------------------
No clock signals found in this design

Asynchronous Control Signals Information:
----------------------------------------
No asynchronous control signals found in this design

Timing Summary:
---------------
Speed Grade: -3

   Minimum period: No path found
   Minimum input arrival time before clock: No path found
   Maximum output required time after clock: No path found
   Maximum combinational path delay: 13.569ns

Timing Details:
---------------
All values displayed in nanoseconds (ns)

=========================================================================
Timing constraint: Default path analysis
  Total number of paths / destination ports: 14120 / 8
-------------------------------------------------------------------------
Delay:               13.569ns (Levels of Logic = 15)
  Source:            D<4> (PAD)
  Destination:       E<0> (PAD)

  Data Path: D<4> to E<0>
                                Gate     Net
    Cell:in->out      fanout   Delay   Delay  Logical Name (Net Name)
    ----------------------------------------  ------------
     IBUF:I->O             6   1.222   0.744  D_4_IBUF (D_4_IBUF)
     INV:I->O              1   0.206   0.000  block1/n0010<4>1_INV_0 (block1/n0010<4>)
     MUXCY:S->O            1   0.172   0.000  block1/Madd_in[11]_GND_2_o_add_2_OUT_cy<4> (block1/Madd_in[11]_GND_2_o_add_2_OUT_cy<4>)
     MUXCY:CI->O           1   0.019   0.000  block1/Madd_in[11]_GND_2_o_add_2_OUT_cy<5> (block1/Madd_in[11]_GND_2_o_add_2_OUT_cy<5>)
     MUXCY:CI->O           1   0.019   0.000  block1/Madd_in[11]_GND_2_o_add_2_OUT_cy<6> (block1/Madd_in[11]_GND_2_o_add_2_OUT_cy<6>)
     XORCY:CI->O           1   0.180   0.684  block1/Madd_in[11]_GND_2_o_add_2_OUT_xor<7> (block1/in[11]_GND_2_o_add_2_OUT<7>)
     LUT3:I1->O           13   0.203   1.297  block1/Mmux_out101 (temp_abs<7>)
     LUT6:I0->O            7   0.203   0.878  block2/Mmux_exp21 (temp_E<1>)
     LUT2:I0->O            2   0.203   0.981  block3/Msub_GND_4_o_GND_4_o_sub_4_OUT<3:0>_xor<0>21 (block3/GND_4_o_GND_4_o_sub_4_OUT<1>)
     LUT6:I0->O            1   0.203   0.000  block3/Mmux_GND_4_o_X_4_o_Mux_4_o_6 (block3/Mmux_GND_4_o_X_4_o_Mux_4_o_6)
     MUXF7:I1->O           3   0.140   1.015  block3/Mmux_GND_4_o_X_4_o_Mux_4_o_5_f7 (block3/Mmux_GND_4_o_X_4_o_Mux_4_o_5_f7)
     LUT6:I0->O            3   0.203   0.755  block3/Mmux_EO221 (block3/Mmux_EO22)
     LUT4:I2->O            4   0.203   0.684  block3/Mmux_EO331 (block3/Mmux_EO33)
     LUT5:I4->O            1   0.205   0.579  block3/Mmux_FO31 (F_2_OBUF)
     OBUF:I->O                 2.571          F_2_OBUF (F<2>)
    ----------------------------------------
    Total                     13.569ns (5.952ns logic, 7.617ns route)
                                       (43.9% logic, 56.1% route)

=========================================================================

Cross Clock Domains Report:
--------------------------

=========================================================================


Total REAL time to Xst completion: 7.00 secs
Total CPU time to Xst completion: 5.57 secs
 
--> 


Total memory usage is 473484 kilobytes

Number of errors   :    0 (   0 filtered)
Number of warnings :    1 (   0 filtered)
Number of infos    :    0 (   0 filtered)

