Running: /opt/Xilinx/14.7/ISE_DS/ISE/bin/lin64/unwrapped/fuse -intstyle ise -incremental -lib unisims_ver -lib unimacro_ver -lib xilinxcorelib_ver -lib secureip -o /home/ise/M152A/CSM152A/lab2/lab2/tb_isim_beh.exe -prj /home/ise/M152A/CSM152A/lab2/lab2/tb_beh.prj work.tb work.glbl 
ISim P.20160913 (signature 0xfbc00daa)
Number of CPUs detected in this system: 1
Turning on mult-threading, number of parallel sub-compilation jobs: 0 
Determining compilation order of HDL files
Analyzing Verilog file "/home/ise/M152A/CSM152A/lab2/lab2/../rtl/seq_mult.v" into library work
Analyzing Verilog file "/home/ise/M152A/CSM152A/lab2/lab2/../rtl/seq_add.v" into library work
Analyzing Verilog file "/home/ise/M152A/CSM152A/lab2/lab2/../rtl/uart_fifo.v" into library work
Analyzing Verilog file "/home/ise/M152A/CSM152A/lab2/lab2/../rtl/uart.v" into library work
Analyzing Verilog file "/home/ise/M152A/CSM152A/lab2/lab2/../rtl/seq_rf.v" into library work
Analyzing Verilog file "/home/ise/M152A/CSM152A/lab2/lab2/../rtl/seq_alu.v" into library work
Analyzing Verilog file "/home/ise/M152A/CSM152A/lab2/lab2/../rtl/uart_top.v" into library work
Analyzing Verilog file "/home/ise/M152A/CSM152A/lab2/lab2/../rtl/seq.v" into library work
Analyzing Verilog file "/home/ise/M152A/CSM152A/lab2/lab2/../rtl/nexys3.v" into library work
Analyzing Verilog file "/home/ise/M152A/CSM152A/lab2/lab2/model_uart.v" into library work
Analyzing Verilog file "/home/ise/M152A/CSM152A/lab2/lab2/tb.v" into library work
Analyzing Verilog file "/opt/Xilinx/14.7/ISE_DS/ISE//verilog/src/glbl.v" into library work
Starting static elaboration
WARNING:HDLCompiler:1016 - "/home/ise/M152A/CSM152A/lab2/lab2/tb.v" Line 56: Port btn1 is not connected to this instance
Completed static elaboration
Fuse Memory Usage: 95476 KB
Fuse CPU Usage: 1360 ms
Compiling module model_uart(baud=1000000,name="UA...
Compiling module seq_rf_default
Compiling module seq_add_default
Compiling module seq_mult_default
Compiling module seq_alu_default
Compiling module seq_default
Compiling module uart_fifo
Compiling module uart
Compiling module uart_top_default
Compiling module nexys3_default
Compiling module tb
Compiling module glbl
Time Resolution for simulation is 1ps.
Compiled 12 Verilog Units
Built simulation executable /home/ise/M152A/CSM152A/lab2/lab2/tb_isim_beh.exe
Fuse Memory Usage: 98516 KB
Fuse CPU Usage: 1490 ms
GCC CPU Usage: 920 ms
