ISim log file
Running: /home/ise/SharedFolderVM/CSM152A/lab2/lab2/tb_isim_beh.exe -intstyle ise -gui -tclbatch isim.cmd -wdb /home/ise/SharedFolderVM/CSM152A/lab2/lab2/tb_isim_beh.wdb 
ISim P.20160913 (signature 0xfbc00daa)
----------------------------------------------------------------------
WARNING:Security:42 - Your software subscription period has lapsed. Your current version of Xilinx tools will continue to function, but you no longer qualify for Xilinx software updates or new releases.


----------------------------------------------------------------------
This is a Full version of ISim.
Time resolution is 1 ps
# onerror resume
# wave add /
# run all
Simulator is doing circuit initialization process.
Finished circuit initialization process.
         5 ... led output changed to        00000000
   1501000 ... Running instruction        00000000
   5243925 ... instruction        00000000 executed
   5243925 ... led output changed to        00000001
   6001000 ... Running instruction        00000000
   9176085 ... instruction        00000000 executed
   9176085 ... led output changed to        00000010
  10501000 ... Running instruction        00000000
  14418965 ... instruction        00000000 executed
  14418965 ... led output changed to        00000011
  15001000 ... Running instruction        00000000
  18351125 ... instruction        00000000 executed
  18351125 ... led output changed to        00000100
  19501000 ... Running instruction        11000000
  23594005 ... instruction        11000000 executed
  23594005 ... led output changed to        00000101
  23679675 UART0 Received byte 52303a30303030 (R0:0000)
  24001000 ... Running instruction        00010000
  27526165 ... instruction        00010000 executed
  27526165 ... led output changed to        00000110
  28501000 ... Running instruction        00010000
  31458325 ... instruction        00010000 executed
  31458325 ... led output changed to        00000111
  33001000 ... Running instruction        00010000
  36701205 ... instruction        00010000 executed
  36701205 ... led output changed to        00001000
  37501000 ... Running instruction        00010001
  40633365 ... instruction        00010001 executed
  40633365 ... led output changed to        00001001
  42001000 ... Running instruction        11010000
  45876245 ... instruction        11010000 executed
  45876245 ... led output changed to        00001010
  45961915 UART0 Received byte 52313a30303031 (R1:0001)
  46501000 ... Running instruction        01000110
  49808405 ... instruction        01000110 executed
  49808405 ... led output changed to        00001011
  51001000 ... Running instruction        11100000
  55051285 ... instruction        11100000 executed
  55051285 ... led output changed to        00001100
  55136955 UART0 Received byte 52323a30303031 (R2:0001)
  55501000 ... Running instruction        01011011
  58983445 ... instruction        01011011 executed
  58983445 ... led output changed to        00001101
  60001000 ... Running instruction        11110000
  62915605 ... instruction        11110000 executed
  62915605 ... led output changed to        00001110
  63001275 UART0 Received byte 52333a30303032 (R3:0002)
  64501000 ... Running instruction        01101100
  68158485 ... instruction        01101100 executed
  68158485 ... led output changed to        00001111
  69001000 ... Running instruction        11000000
  72090645 ... instruction        11000000 executed
  72090645 ... led output changed to        00010000
  72176315 UART0 Received byte 52303a30303033 (R0:0003)
  73501000 ... Running instruction        01110001
  77333525 ... instruction        01110001 executed
  77333525 ... led output changed to        00010001
  78001000 ... Running instruction        11010000
  81265685 ... instruction        11010000 executed
  81265685 ... led output changed to        00010010
  81351355 UART0 Received byte 52313a30303035 (R1:0005)
  82501000 ... Running instruction        01000110
  86508565 ... instruction        01000110 executed
  86508565 ... led output changed to        00010011
  87001000 ... Running instruction        11100000
  90440725 ... instruction        11100000 executed
  90440725 ... led output changed to        00010100
  90526395 UART0 Received byte 52323a30303038 (R2:0008)
  91501000 ... Running instruction        01011011
  94372885 ... instruction        01011011 executed
  94372885 ... led output changed to        00010101
  96001000 ... Running instruction        11110000
  99615765 ... instruction        11110000 executed
  99615765 ... led output changed to        00010110
  99701435 UART0 Received byte 52333a30303044 (R3:000D)
 100501000 ... Running instruction        01101100
 103547925 ... instruction        01101100 executed
 103547925 ... led output changed to        00010111
 105001000 ... Running instruction        11000000
 108790805 ... instruction        11000000 executed
 108790805 ... led output changed to        00011000
 108876475 UART0 Received byte 52303a30303135 (R0:0015)
 109501000 ... Running instruction        01110001
 112722965 ... instruction        01110001 executed
 112722965 ... led output changed to        00011001
 114001000 ... Running instruction        11010000
 117965845 ... instruction        11010000 executed
 117965845 ... led output changed to        00011010
 118051515 UART0 Received byte 52313a30303232 (R1:0022)
Stopped at time : 118502 us : File "/home/ise/SharedFolderVM/CSM152A/lab2/lab2/tb.v" Line 60
# exit 0
